--- Test run on 2012/10/19 16:08:45 ---
Converting "/Users/lihuan/Code/my-github/erlq/." to "/Users/lihuan/Code/my-github/erlq" and re-inserting with add_patha/1


Common Test v1.6.2 starting (cwd is /Users/lihuan/Code/my-github/erlq)


Common Test: Running make in test directories...
Including the following directories:
"/Users/lihuan/Code/my-github/erlq/include"
Recompile: erlq_memcache_SUITE
erlq_memcache_SUITE.erl:47: Warning: variable 'Stats' is unused

CWD set to: "/Users/lihuan/Code/my-github/erlq/logs/ct_run.test@localhost.2012-10-19_16.08.46"

TEST INFO: 1 test(s), 3 case(s) in 1 suite(s)

Testing my-github.erlq.erlq_memcache_SUITE: Starting test, 3 test cases

=INFO REPORT==== 19-Oct-2012::16:08:46 ===
Listening on port 11211

=INFO REPORT==== 19-Oct-2012::16:08:46 ===
    application: erlq
    exited: stopped
    type: temporary

=INFO REPORT==== 19-Oct-2012::16:08:46 ===
Listening on port 11211

=INFO REPORT==== 19-Oct-2012::16:08:46 ===
    application: erlq
    exited: stopped
    type: temporary

=INFO REPORT==== 19-Oct-2012::16:08:46 ===
Listening on port 11211

=INFO REPORT==== 19-Oct-2012::16:08:46 ===
    application: erlq
    exited: stopped
    type: temporary
Testing my-github.erlq.erlq_memcache_SUITE: TEST COMPLETE, 3 ok, 0 failed of 3 test cases

Updating /Users/lihuan/Code/my-github/erlq/logs/index.html... done
Updating /Users/lihuan/Code/my-github/erlq/logs/all_runs.html... done

